<?xml version="1.0" encoding="UTF-8"?>
<coverage generated="1720140218005" clover="3.2.0">
  <project timestamp="1720140218005" name="All files">
    <metrics statements="16" coveredstatements="13" conditionals="0" coveredconditionals="0" methods="9" coveredmethods="6" elements="25" coveredelements="19" complexity="0" loc="16" ncloc="16" packages="1" files="1" classes="1"/>
    <file name="Combinations.ts" path="C:\Users\Bruno Teixeira\Desktop\repositorios\publicados\Efforts-Combinations\Efforts-Combinations\src\Combinations.ts">
      <metrics statements="16" coveredstatements="13" conditionals="0" coveredconditionals="0" methods="9" coveredmethods="6"/>
      <line num="9" count="1" type="stmt"/>
      <line num="15" count="1" type="stmt"/>
      <line num="16" count="1" type="stmt"/>
      <line num="20" count="0" type="stmt"/>
      <line num="24" count="0" type="stmt"/>
      <line num="28" count="0" type="stmt"/>
      <line num="32" count="27" type="stmt"/>
      <line num="36" count="6" type="stmt"/>
      <line num="40" count="2" type="stmt"/>
      <line num="44" count="1" type="stmt"/>
      <line num="45" count="1" type="stmt"/>
      <line num="47" count="1" type="stmt"/>
      <line num="64" count="1" type="stmt"/>
      <line num="65" count="1" type="stmt"/>
      <line num="67" count="1" type="stmt"/>
      <line num="76" count="1" type="stmt"/>
    </file>
  </project>
</coverage>
