{"C:\\Users\\Bruno Teixeira\\Desktop\\repositorios\\publicados\\Efforts-Combinations\\Efforts-Combinations\\src\\Combinations.ts": {"path":"C:\\Users\\Bruno Teixeira\\Desktop\\repositorios\\publicados\\Efforts-Combinations\\Efforts-Combinations\\src\\Combinations.ts","statementMap":{"0":{"start":{"line":9,"column":4},"end":{"line":14,"column":null}},"1":{"start":{"line":15,"column":4},"end":{"line":15,"column":null}},"2":{"start":{"line":16,"column":4},"end":{"line":16,"column":null}},"3":{"start":{"line":20,"column":4},"end":{"line":20,"column":null}},"4":{"start":{"line":24,"column":4},"end":{"line":24,"column":null}},"5":{"start":{"line":28,"column":4},"end":{"line":28,"column":null}},"6":{"start":{"line":32,"column":4},"end":{"line":32,"column":null}},"7":{"start":{"line":36,"column":4},"end":{"line":36,"column":null}},"8":{"start":{"line":40,"column":4},"end":{"line":40,"column":null}},"9":{"start":{"line":44,"column":26},"end":{"line":44,"column":33}},"10":{"start":{"line":45,"column":27},"end":{"line":45,"column":43}},"11":{"start":{"line":47,"column":4},"end":{"line":60,"column":null}},"12":{"start":{"line":64,"column":26},"end":{"line":64,"column":33}},"13":{"start":{"line":65,"column":38},"end":{"line":65,"column":56}},"14":{"start":{"line":67,"column":4},"end":{"line":72,"column":null}},"15":{"start":{"line":76,"column":0},"end":{"line":76,"column":null}}},"fnMap":{"0":{"name":"(anonymous_0)","decl":{"start":{"line":8,"column":2},"end":{"line":8,"column":15}},"loc":{"start":{"line":8,"column":78},"end":{"line":17,"column":3}}},"1":{"name":"(anonymous_1)","decl":{"start":{"line":19,"column":2},"end":{"line":19,"column":6}},"loc":{"start":{"line":19,"column":13},"end":{"line":21,"column":3}}},"2":{"name":"(anonymous_2)","decl":{"start":{"line":23,"column":2},"end":{"line":23,"column":6}},"loc":{"start":{"line":23,"column":22},"end":{"line":25,"column":3}}},"3":{"name":"(anonymous_3)","decl":{"start":{"line":27,"column":2},"end":{"line":27,"column":6}},"loc":{"start":{"line":27,"column":24},"end":{"line":29,"column":3}}},"4":{"name":"(anonymous_4)","decl":{"start":{"line":31,"column":2},"end":{"line":31,"column":6}},"loc":{"start":{"line":31,"column":12},"end":{"line":33,"column":3}}},"5":{"name":"(anonymous_5)","decl":{"start":{"line":35,"column":2},"end":{"line":35,"column":6}},"loc":{"start":{"line":35,"column":21},"end":{"line":37,"column":3}}},"6":{"name":"(anonymous_6)","decl":{"start":{"line":39,"column":2},"end":{"line":39,"column":6}},"loc":{"start":{"line":39,"column":20},"end":{"line":41,"column":3}}},"7":{"name":"(anonymous_7)","decl":{"start":{"line":43,"column":2},"end":{"line":43,"column":26}},"loc":{"start":{"line":43,"column":80},"end":{"line":61,"column":3}}},"8":{"name":"(anonymous_8)","decl":{"start":{"line":63,"column":2},"end":{"line":63,"column":25}},"loc":{"start":{"line":63,"column":81},"end":{"line":73,"column":3}}}},"branchMap":{},"s":{"0":1,"1":1,"2":1,"3":0,"4":0,"5":0,"6":27,"7":6,"8":2,"9":1,"10":1,"11":1,"12":1,"13":1,"14":1,"15":1},"f":{"0":1,"1":0,"2":0,"3":0,"4":27,"5":6,"6":2,"7":1,"8":1},"b":{}}
}
