TN:
SF:src\Combinations.ts
FN:8,(anonymous_0)
FN:19,(anonymous_1)
FN:23,(anonymous_2)
FN:27,(anonymous_3)
FN:31,(anonymous_4)
FN:35,(anonymous_5)
FN:39,(anonymous_6)
FN:43,(anonymous_7)
FN:63,(anonymous_8)
FNF:9
FNH:6
FNDA:1,(anonymous_0)
FNDA:0,(anonymous_1)
FNDA:0,(anonymous_2)
FNDA:0,(anonymous_3)
FNDA:27,(anonymous_4)
FNDA:6,(anonymous_5)
FNDA:2,(anonymous_6)
FNDA:1,(anonymous_7)
FNDA:1,(anonymous_8)
DA:9,1
DA:15,1
DA:16,1
DA:20,0
DA:24,0
DA:28,0
DA:32,27
DA:36,6
DA:40,2
DA:44,1
DA:45,1
DA:47,1
DA:64,1
DA:65,1
DA:67,1
DA:76,1
LF:16
LH:13
BRF:0
BRH:0
end_of_record
